<?xml version="1.0" encoding="UTF-8"?>
<testng-results ignored="0" total="4" passed="4" failed="0" skipped="0">
  <reporter-output>
  </reporter-output>
  <suite started-at="2024-10-13T21:42:39 EET" name="Default suite" finished-at="2024-10-13T21:42:53 EET" duration-ms="14461">
    <groups>
    </groups>
    <test started-at="2024-10-13T21:42:39 EET" name="Default test" finished-at="2024-10-13T21:42:53 EET" duration-ms="14461">
      <class name="guru99bank.Guru99Test">
        <test-method is-config="true" signature="setUp()[pri:0, instance:guru99bank.Guru99Test@1a6d8329]" started-at="2024-10-13T21:42:39 EET" name="setUp" finished-at="2024-10-13T21:42:43 EET" duration-ms="4680" status="PASS">
          <reporter-output>
          </reporter-output>
        </test-method> <!-- setUp -->
        <test-method signature="createNewCustomerTest()[pri:0, instance:guru99bank.Guru99Test@1a6d8329]" started-at="2024-10-13T21:42:43 EET" name="createNewCustomerTest" finished-at="2024-10-13T21:42:48 EET" duration-ms="4565" status="PASS">
          <reporter-output>
          </reporter-output>
        </test-method> <!-- createNewCustomerTest -->
        <test-method signature="editCustomerTest()[pri:2, instance:guru99bank.Guru99Test@1a6d8329]" started-at="2024-10-13T21:42:48 EET" name="editCustomerTest" finished-at="2024-10-13T21:42:50 EET" depends-on-methods="guru99bank.Guru99Test.createNewCustomerTest" duration-ms="2164" status="PASS">
          <reporter-output>
          </reporter-output>
        </test-method> <!-- editCustomerTest -->
        <test-method signature="createNewAccountTest()[pri:3, instance:guru99bank.Guru99Test@1a6d8329]" started-at="2024-10-13T21:42:50 EET" name="createNewAccountTest" finished-at="2024-10-13T21:42:51 EET" depends-on-methods="guru99bank.Guru99Test.createNewCustomerTest" duration-ms="1388" status="PASS">
          <reporter-output>
          </reporter-output>
        </test-method> <!-- createNewAccountTest -->
        <test-method signature="withdrawalTest()[pri:4, instance:guru99bank.Guru99Test@1a6d8329]" started-at="2024-10-13T21:42:51 EET" name="withdrawalTest" finished-at="2024-10-13T21:42:52 EET" depends-on-methods="guru99bank.Guru99Test.createNewAccountTest" duration-ms="1001" status="PASS">
          <reporter-output>
          </reporter-output>
        </test-method> <!-- withdrawalTest -->
        <test-method is-config="true" signature="tearDown()[pri:0, instance:guru99bank.Guru99Test@1a6d8329]" started-at="2024-10-13T21:42:52 EET" name="tearDown" finished-at="2024-10-13T21:42:53 EET" duration-ms="626" status="PASS">
          <reporter-output>
          </reporter-output>
        </test-method> <!-- tearDown -->
      </class> <!-- guru99bank.Guru99Test -->
    </test> <!-- Default test -->
  </suite> <!-- Default suite -->
</testng-results>
